<?xml version="1.0" encoding="UTF-8"?>
<testsuite xmlns:xsi="http://www.w3.org/2001/XMLSchema-instance" xsi:noNamespaceSchemaLocation="https://maven.apache.org/surefire/maven-surefire-plugin/xsd/surefire-test-report.xsd" name="TestLivroController" time="1.304" tests="5" errors="0" skipped="0" failures="0">
  <properties>
[...]
</properties>
  <testcase name="testDeleteLivro" classname="TestLivroController" time="0.827"/>
  <testcase name="testUpdateLivro" classname="TestLivroController" time="0.176"/>
  <testcase name="testConsultaLivro" classname="TestLivroController" time="0.187"/>
  <testcase name="testControle" classname="TestLivroController" time="0.026"/>
  <testcase name="testCadastroLivro" classname="TestLivroController" time="0.068"/>
</testsuite>